<?xml version="1.0" encoding="UTF-8"?>
<!-- Generated by org.testng.reporters.JUnitReportReporter -->
<testsuite hostname="DESKTOP-5G58M86" failures="0" tests="1" name="signupTest.signupTestCases" time="61.462" errors="0" timestamp="2023-12-28T16:04:13 EET" skipped="0">
  <testcase classname="signupTest.signupTestCases" name="signupTest" time="61.462"/>
  <system-out/>
</testsuite> <!-- signupTest.signupTestCases -->
